--------------------------------------------------------------------------------
Release 13.1 Trace  (nt)
Copyright (c) 1995-2011 Xilinx, Inc.  All rights reserved.

C:\Xilinx\13.1\ISE_DS\ISE\bin\nt\unwrapped\trce.exe -intstyle ise -v 3 -s 4 -n
3 -fastpaths -xml ask6_2b.twx ask6_2b.ncd -o ask6_2b.twr ask6_2b.pcf

Design file:              ask6_2b.ncd
Physical constraint file: ask6_2b.pcf
Device,package,speed:     xc3s1000,ft256,-4 (PRODUCTION 1.39 2011-02-03)
Report level:             verbose report

Environment Variable      Effect 
--------------------      ------ 
NONE                      No environment variables were set
--------------------------------------------------------------------------------

INFO:Timing:2698 - No timing constraints found, doing default enumeration.
INFO:Timing:2752 - To get complete path coverage, use the unconstrained paths 
   option. All paths that are not constrained will be reported in the 
   unconstrained paths section(s) of the report.
INFO:Timing:3339 - The clock-to-out numbers in this timing report are based on 
   a 50 Ohm transmission line loading model.  For the details of this model, 
   and for more information on accounting for different loading conditions, 
   please see the device datasheet.
INFO:Timing:3390 - This architecture does not support a default System Jitter 
   value, please add SYSTEM_JITTER constraint to the UCF to modify the Clock 
   Uncertainty calculation.
INFO:Timing:3389 - This architecture does not support 'Discrete Jitter' and 
   'Phase Error' calculations, these terms will be zero in the Clock 
   Uncertainty calculation.  Please make appropriate modification to 
   SYSTEM_JITTER to account for the unsupported Discrete Jitter and Phase 
   Error.



Data Sheet report:
-----------------
All values displayed in nanoseconds (ns)

Pad to Pad
---------------+---------------+---------+
Source Pad     |Destination Pad|  Delay  |
---------------+---------------+---------+
a<0>           |dp             |   11.149|
a<0>           |s<0>           |   10.702|
a<0>           |s<1>           |   11.205|
a<0>           |s<2>           |   10.342|
a<0>           |s<3>           |   10.996|
a<0>           |s<5>           |   10.603|
a<0>           |s<6>           |   11.785|
a<1>           |dp             |   11.422|
a<1>           |s<0>           |   10.903|
a<1>           |s<1>           |   11.605|
a<1>           |s<2>           |   10.543|
a<1>           |s<3>           |   11.199|
a<1>           |s<5>           |   10.876|
a<1>           |s<6>           |   11.986|
b<0>           |dp             |   12.384|
b<0>           |s<0>           |   11.504|
b<0>           |s<1>           |   12.127|
b<0>           |s<2>           |   11.144|
b<0>           |s<3>           |   12.146|
b<0>           |s<5>           |   11.838|
b<0>           |s<6>           |   12.587|
b<1>           |dp             |   11.358|
b<1>           |s<0>           |   10.496|
b<1>           |s<1>           |   11.077|
b<1>           |s<2>           |   10.136|
b<1>           |s<3>           |   11.211|
b<1>           |s<5>           |   10.812|
b<1>           |s<6>           |   11.579|
---------------+---------------+---------+


Analysis completed Thu Jul 15 16:41:50 2021 
--------------------------------------------------------------------------------

Trace Settings:
-------------------------
Trace Settings 

Peak Memory Usage: 85 MB



