--------------------------------------------------------------------------------
Release 13.1 Trace  (nt)
Copyright (c) 1995-2011 Xilinx, Inc.  All rights reserved.

C:\Xilinx\13.1\ISE_DS\ISE\bin\nt\unwrapped\trce.exe -intstyle ise -v 3 -s 4 -n
3 -fastpaths -xml mlx.twx mlx.ncd -o mlx.twr mlx.pcf

Design file:              mlx.ncd
Physical constraint file: mlx.pcf
Device,package,speed:     xc3s1000,ft256,-4 (PRODUCTION 1.39 2011-02-03)
Report level:             verbose report

Environment Variable      Effect 
--------------------      ------ 
NONE                      No environment variables were set
--------------------------------------------------------------------------------

INFO:Timing:2698 - No timing constraints found, doing default enumeration.
INFO:Timing:2752 - To get complete path coverage, use the unconstrained paths 
   option. All paths that are not constrained will be reported in the 
   unconstrained paths section(s) of the report.
INFO:Timing:3339 - The clock-to-out numbers in this timing report are based on 
   a 50 Ohm transmission line loading model.  For the details of this model, 
   and for more information on accounting for different loading conditions, 
   please see the device datasheet.
INFO:Timing:3390 - This architecture does not support a default System Jitter 
   value, please add SYSTEM_JITTER constraint to the UCF to modify the Clock 
   Uncertainty calculation.
INFO:Timing:3389 - This architecture does not support 'Discrete Jitter' and 
   'Phase Error' calculations, these terms will be zero in the Clock 
   Uncertainty calculation.  Please make appropriate modification to 
   SYSTEM_JITTER to account for the unsupported Discrete Jitter and Phase 
   Error.



Data Sheet report:
-----------------
All values displayed in nanoseconds (ns)

Pad to Pad
---------------+---------------+---------+
Source Pad     |Destination Pad|  Delay  |
---------------+---------------+---------+
a              |s<0>           |   10.693|
a              |s<2>           |   11.351|
a              |s<5>           |   11.074|
a              |s<6>           |   11.767|
b              |s<0>           |   10.530|
b              |s<2>           |   11.188|
b              |s<5>           |   10.911|
b              |s<6>           |   11.604|
c              |s<0>           |   10.473|
c              |s<2>           |   11.131|
c              |s<5>           |   10.854|
c              |s<6>           |   11.547|
d              |s<0>           |   11.996|
d              |s<2>           |   12.654|
d              |s<5>           |   12.377|
d              |s<6>           |   13.070|
---------------+---------------+---------+


Analysis completed Wed Jul 14 13:47:05 2021 
--------------------------------------------------------------------------------

Trace Settings:
-------------------------
Trace Settings 

Peak Memory Usage: 85 MB



