#:C209   
#Xilinx FPGA Editor Command Log File
#Editor Version:
#:V   NT M2.1 O.40d
#Current Working Directory:
#:D   C:\Documents and Settings\Administrator\Desktop\mlx_2021
#Date/Time:
#:T   Wed Jul 14 13:52:41 2021
#------------------------------
	#Reading mlx.ncd...
	#Loading device for application Rf_Device from file '3s1000.nph' in environment C:\Xilinx\13.1\ISE_DS\ISE\.
	#   "mlx" is an NCD, version 3.2, device xc3s1000, package ft256, speed -4
	#Design creation date: 2021.07.14.10.46.54
	#Building chip graphics...
	#Loading speed info...
	#1
setattr main edit-mode no-logic-changes
	#2
select -k comp 'a'
	#3
unselect comp 'a'
	#4
select -k comp 'b'
	#5
unselect comp 'b'
	#6
select -k comp 'c'
	#7
unselect comp 'c'
	#8
select -k comp 'd'
	#9
unselect comp 'd'
	#10
select -k comp 'dp'
	#11
unselect comp 'dp'
	#12
select -k comp 'a'
	#13
unselect comp 'a'
	#14
select -k comp 'b'
	#15
unselect comp 'b'
	#16
select -k comp 'c'
	#17
unselect comp 'c'
	#18
select -k comp 'd'
	#19
unselect comp 'd'
	#20
select -k comp 'dp'
	#21
unselect comp 'dp'
	#22
select -k comp 's<0>'
	#23
unselect comp 's<0>'
	#24
select -k comp 's<1>'
	#25
unselect comp 's<1>'
	#26
select -k comp 's<2>'
	#27
unselect comp 's<2>'
	#28
select -k comp 's<3>'
	#29
unselect comp 's<3>'
	#30
select -k comp 's<4>'
	#31
unselect comp 's<4>'
	#32
select -k comp 's<5>'
	#33
unselect comp 's<5>'
	#34
select -k comp 's<6>'
	#35
unselect comp 's<6>'
	#36
select -k comp 's_2_OBUF'
	#37
unselect comp 's_2_OBUF'
	#38
select -k comp 's<6>'
	#39
unselect comp 's<6>'
	#40
select -k comp 's<5>'
	#41
unselect comp 's<5>'
	#42
select -k comp 's<4>'
	#43
unselect comp 's<4>'
	#44
select -k comp 's<3>'
	#45
unselect comp 's<3>'
	#46
select -k comp 's<2>'
	#47
unselect comp 's<2>'
	#48
select -k comp 's<1>'
	#49
unselect comp 's<1>'
	#50
select -k comp 's<0>'
	#51
unselect comp 's<0>'
	#52
select -k comp 'dp'
	#53
unselect comp 'dp'
	#54
select -k comp 'd'
	#55
unselect comp 'd'
	#56
select -k comp 'c'
	#57
unselect comp 'c'
	#58
select -k comp 'b'
	#59
unselect comp 'b'
	#60
select -k comp 'a'
	#61
unselect -all
	#62
unselect -all
	#63
unselect -all
	#64
unselect -all
	#65
unselect -all
	#66
unselect -all
	#67
unselect -all
	#68
unselect -all
	#69
unselect -all
	#70
unselect -all
	#71
unselect -all
	#72
unselect -all
	#73
unselect -all
	#74
unselect -all
	#75
unselect -all
	#76
select -k comp 'a'
	#77
unselect -all
	#78
select -k comp 'a'
	#79
unselect -all
	#80
select -k comp 'a'
	#81
unselect -all
	#82
select comp 'a'
	#comp "a",  site "K4",  bonded type = IOB,  pad name = PAD318,  pin name = K4  (RPM grid X0Y44)
	#83
unselect -all
	#84
select comp 'a'
	#comp "a",  site "K4",  bonded type = IOB,  pad name = PAD318,  pin name = K4  (RPM grid X0Y44)
	#85
unselect -all
	#86
select comp 'a'
	#comp "a",  site "K4",  bonded type = IOB,  pad name = PAD318,  pin name = K4  (RPM grid X0Y44)
	#87
post block
	#<TFF1>.
	#<IFF1>.
	#<IFF2>.
	#<IFFATTRBOX>.
	#<TFF1>.
	#<TFFDDRBLACKBOX>.
	#<TMUX>.
	#<IOATTRBOX>.
	#88
unselect comp 'a'
	#89
select -k comp 'b'
	#90
unselect comp 'b'
	#91
select -k comp 'a'
	#92
unselect comp 'a'
	#93
select -k comp 'b'
	#94
unselect comp 'b'
	#95
select -k comp 'a'
	#96
unselect comp 'a'
	#97
select -k comp 'b'
	#98
unselect -all
	#99
select comp 'b'
	#comp "b",  site "K3",  bonded type = IOB,  pad name = PAD319,  pin name = K3  (RPM grid X0Y49)
	#100
unselect -all
	#101
select comp 'b'
	#comp "b",  site "K3",  bonded type = IOB,  pad name = PAD319,  pin name = K3  (RPM grid X0Y49)
	#102
unselect -all
	#103
select comp 'b'
	#comp "b",  site "K3",  bonded type = IOB,  pad name = PAD319,  pin name = K3  (RPM grid X0Y49)
	#104
post block
	#<TFF1>.
	#105
unselect comp 'b'
	#106
select -k comp 'c'
	#107
unselect comp 'c'
	#108
select -k comp 'b'
	#109
unselect comp 'b'
	#110
select -k comp 'c'
	#111
unselect -all
	#112
select comp 'c'
	#comp "c",  site "K2",  bonded type = IOB,  pad name = PAD320,  pin name = K2  (RPM grid X0Y48)
	#113
post block
	#114
unselect comp 'c'
	#115
select -k comp 'dp'
	#116
unselect comp 'dp'
	#117
select -k comp 'd'
	#118
unselect comp 'd'
	#119
select -k comp 'dp'
	#120
unselect -all
	#121
select -k comp 'dp'
	#122
unselect -all
	#123
select -k comp 'dp'
	#124
unselect comp 'dp'
	#125
select -k comp 'd'
	#126
unselect comp 'd'
	#127
select -k comp 'dp'
	#128
unselect -all
	#129
select -k comp 'dp'
	#130
unselect -all
	#131
select comp 'dp'
	#comp "dp",  site "N11",  bonded type = IOB,  pad name = PAD234,  pin name = N11  (RPM grid X78Y0)
	#132
unselect -all
	#133
select comp 'dp'
	#comp "dp",  site "N11",  bonded type = IOB,  pad name = PAD234,  pin name = N11  (RPM grid X78Y0)
	#134
post block
	#<TFF2_INIT_ATTR>.
	#<OFF1>.
	#135
unselect comp 'dp'
	#136
select -k comp 's<0>'
	#137
unselect comp 's<0>'
	#138
select -k comp 's<1>'
	#139
unselect comp 's<1>'
	#140
select -k comp 's<0>'
	#141
unselect comp 's<0>'
	#142
select -k comp 's<1>'
	#143
unselect comp 's<1>'
	#144
select -k comp 's<2>'
	#145
unselect comp 's<2>'
	#146
select -k comp 's<3>'
	#147
unselect comp 's<3>'
	#148
select -k comp 's<4>'
	#149
unselect comp 's<4>'
	#150
select -k comp 's<5>'
	#151
unselect comp 's<5>'
	#152
select -k comp 's<6>'
	#153
unselect comp 's<6>'
	#154
select -k comp 's_2_OBUF'
	#155
unselect -all
	#156
select comp 's_2_OBUF'
	#comp "s_2_OBUF",  site "SLICE_X0Y23",  type = SLICEL  (RPM grid X3Y49)
	#157
post block
	#<G>=(A4@(A2@(A1@~A3))); bel <s<2>1>.
	#<F>.
	#158
unselect comp 's_2_OBUF'
	#159
select -k comp 's<6>'
	#160
unselect -all
	#161
select comp 's<6>'
	#comp "s<6>",  site "R10",  bonded type = IOB,  pad name = PAD241,  pin name = R10  (RPM grid X69Y0)
	#162
post block
	#<OFF1>.
	#163
unselect comp 's<6>'
	#164
select -k comp 's<5>'
	#165
unselect -all
	#166
select comp 's<5>'
	#comp "s<5>",  site "T7",  bonded type = IOB,  pad name = PAD250,  pin name = T7  (RPM grid X57Y1)
	#167
post block
	#<OFFDDRBLACKBOX>.
	#<OFF2>.
	#168
unselect comp 's<5>'
	#169
select -k comp 's<4>'
	#170
unselect -all
	#171
select comp 's<4>'
	#comp "s<4>",  site "P10",  bonded type = IOB,  pad name = PAD240,  pin name = P10  (RPM grid X69Y1)
	#172
post block
	#<TFFATTRBOX>.
	#173
unselect comp 's<4>'
	#174
select -k comp 's<3>'
	#175
unselect -all
	#176
select comp 's<3>'
	#comp "s<3>",  site "R7",  bonded type = IOB,  pad name = PAD251,  pin name = R7  (RPM grid X57Y0)
	#177
post block
	#178
unselect comp 's<3>'
	#179
select -k comp 's<2>'
	#180
unselect -all
	#181
select comp 's<2>'
	#comp "s<2>",  site "N6",  bonded type = IOB,  pad name = PAD258,  pin name = N6  (RPM grid X48Y1)
	#182
post block
	#183
unselect comp 's<2>'
	#184
select -k comp 's<1>'
	#185
unselect -all
	#186
select comp 's<1>'
	#comp "s<1>",  site "M11",  bonded type = IOB,  pad name = PAD233,  pin name = M11  (RPM grid X78Y1)
	#187
post block
	#188
unselect comp 's<1>'
	#189
select -k comp 's<0>'
	#190
unselect -all
	#191
select comp 's<0>'
	#comp "s<0>",  site "M6",  bonded type = IOB,  pad name = PAD259,  pin name = M6  (RPM grid X48Y0)
	#192
post block
	#193
unselect comp 's<0>'
	#194
select -k comp 'dp'
	#195
unselect -all
	#196
select comp 'dp'
	#comp "dp",  site "N11",  bonded type = IOB,  pad name = PAD234,  pin name = N11  (RPM grid X78Y0)
	#197
post block
	#<TCE>.
	#198
unselect comp 'dp'
	#199
select -k comp 'd'
	#200
unselect -all
	#201
select comp 'd'
	#comp "d",  site "J4",  bonded type = IOB,  pad name = PAD341,  pin name = J4  (RPM grid X0Y93)
	#202
post block
	#203
unselect comp 'd'
	#204
select -k comp 'c'
	#205
unselect -all
	#206
select comp 'c'
	#comp "c",  site "K2",  bonded type = IOB,  pad name = PAD320,  pin name = K2  (RPM grid X0Y48)
	#207
post block
	#<TFF2_INIT_ATTR>.
	#<TFFATTRBOX>.
	#<TFF1>.
	#<TFFDDRBLACKBOX>.
	#<TCEINV>.
	#<TMUX>.
	#<ICLK2INV>.
	#<ICLK1INV>.
	#<DELAY>.
	#<IFF1>.
	#<IFF2_INIT_ATTR>.
	#<IFFATTRBOX>.
	#<IOATTRBOX>.
	#<DRIVEATTRBOX>.
	#<PULL>.
	#<PULL>.
	#208
unselect comp 'c'
	#209
select -k comp 'b'
	#210
unselect -all
	#211
select comp 'b'
	#comp "b",  site "K3",  bonded type = IOB,  pad name = PAD319,  pin name = K3  (RPM grid X0Y49)
	#212
post block
